<?xml version="1.0" encoding="UTF-8"?>
<!-- Generated by org.testng.reporters.JUnitXMLReporter -->
<testsuite hostname="Adity-HP" ignored="0" name="Test" tests="12" failures="0" timestamp="17 Nov 2022 02:15:16 GMT" time="197.706" errors="0">
  <testcase name="testCase1" time="0.99" classname="ARC4Planit.PlanitTA.tests.ContactPageTest"/>
  <testcase name="testCase2" time="19.207" classname="ARC4Planit.PlanitTA.tests.ContactPageTest"/>
  <testcase name="testCase2" time="5.666" classname="ARC4Planit.PlanitTA.tests.ContactPageTest"/>
  <testcase name="testCase2" time="5.653" classname="ARC4Planit.PlanitTA.tests.ContactPageTest"/>
  <testcase name="testCase2" time="12.355" classname="ARC4Planit.PlanitTA.tests.ContactPageTest"/>
  <testcase name="testCase2" time="5.525" classname="ARC4Planit.PlanitTA.tests.ContactPageTest"/>
  <testcase name="testCase2b" time="3.269" classname="ARC4Planit.PlanitTA.tests.ContactPageTest"/>
  <testcase name="testCase2b" time="2.196" classname="ARC4Planit.PlanitTA.tests.ContactPageTest"/>
  <testcase name="testCase2b" time="1.805" classname="ARC4Planit.PlanitTA.tests.ContactPageTest"/>
  <testcase name="testCase2b" time="4.824" classname="ARC4Planit.PlanitTA.tests.ContactPageTest"/>
  <testcase name="testCase2b" time="17.679" classname="ARC4Planit.PlanitTA.tests.ContactPageTest"/>
  <testcase name="testCase3" time="1.588" classname="ARC4Planit.PlanitTA.tests.ShopAndCartPageTest"/>
</testsuite> <!-- Test -->
